<?xml version="1.0" encoding="UTF-8"?>
<!-- Generated by org.testng.reporters.JUnitXMLReporter -->
<testsuite ignored="0" hostname="LAPTOP-901NLNPE" failures="4" tests="4" name="Test" time="0.098" errors="0" timestamp="30 Sep 2020 20:17:56 GMT">
  <testcase classname="com.osa.tetes.HomePage" name="verifyHomePageTitle" time="0.0">
    <failure type="org.testng.TestNGException" message="
Parameter &amp;apos;browserName&amp;apos; is required by @Test on method verifyHomePageTitle but has not been marked @Optional or defined
in C:\Users\mahfu\Desktop\OSA0130202007B\OSA_UI_Testing (2)\OSA_UI_Testing\testng.xml">
      <![CDATA[org.testng.TestNGException: 
Parameter 'browserName' is required by @Test on method verifyHomePageTitle but has not been marked @Optional or defined
in C:\Users\mahfu\Desktop\OSA0130202007B\OSA_UI_Testing (2)\OSA_UI_Testing\testng.xml
... Removed 24 stack frames]]>
    </failure>
  </testcase> <!-- verifyHomePageTitle -->
  <testcase classname="com.osa.tetes.HomePage" name="clickOnForumLoginButton" time="0.025">
    <failure type="java.lang.NullPointerException">
      <![CDATA[java.lang.NullPointerException
at com.osa.tetes.HomePage.clickOnForumLoginButton(HomePage.java:27)
... Removed 25 stack frames]]>
    </failure>
  </testcase> <!-- clickOnForumLoginButton -->
  <testcase classname="com.osa.tetes.HomePage" name="verifyLogin" time="0.004">
    <failure type="java.lang.NullPointerException">
      <![CDATA[java.lang.NullPointerException
at com.osa.tetes.HomePage.verifyLogin(HomePage.java:31)
... Removed 25 stack frames]]>
    </failure>
  </testcase> <!-- verifyLogin -->
  <testcase classname="com.osa.tetes.HomePage" name="closingBrowser" time="0.004">
    <failure type="java.lang.NullPointerException">
      <![CDATA[java.lang.NullPointerException
at com.osa.tetes.HomePage.closingBrowser(HomePage.java:38)
... Removed 25 stack frames]]>
    </failure>
  </testcase> <!-- closingBrowser -->
</testsuite> <!-- Test -->
