<!DOCTYPE html PUBLIC "-//W3C//DTD XHTML 1.1//EN" "http://www.w3.org/TR/xhtml11/DTD/xhtml11.dtd">
<html xmlns="http://www.w3.org/1999/xhtml">
<head>
<meta http-equiv="content-type" content="text/html; charset=UTF-8"/>
<title>TestNG Report</title>
<style type="text/css">table {margin-bottom:10px;border-collapse:collapse;empty-cells:show}th,td {border:1px solid #009;padding:.25em .5em}th {vertical-align:bottom}td {vertical-align:top}table a {font-weight:bold}.stripe td {background-color: #E6EBF9}.num {text-align:right}.passedodd td {background-color: #3F3}.passedeven td {background-color: #0A0}.skippedodd td {background-color: #DDD}.skippedeven td {background-color: #CCC}.failedodd td,.attn {background-color: #F33}.failedeven td,.stripe .attn {background-color: #D00}.stacktrace {white-space:pre;font-family:monospace}.totop {font-size:85%;text-align:center;border-bottom:2px solid #000}.invisible {display:none}</style>
</head>
<body>
<table>
<tr><th>Test</th><th># Passed</th><th># Skipped</th><th># Failed</th><th>Time (ms)</th><th>Included Groups</th><th>Excluded Groups</th></tr>
<tr><th colspan="7">Suite</th></tr>
<tr><td><a href="#t0">firefox</a></td><td class="num">0</td><td class="num">0</td><td class="num attn">4</td><td class="num">2,294</td><td></td><td></td></tr>
<tr class="stripe"><td><a href="#t1">chrome</a></td><td class="num">0</td><td class="num">0</td><td class="num attn">3</td><td class="num">3,195</td><td></td><td></td></tr>
<tr><th>Total</th><th class="num">0</th><th class="num">0</th><th class="num attn">7</th><th class="num">5,489</th><th colspan="2"></th></tr>
</table>
<table id='summary'><thead><tr><th>Class</th><th>Method</th><th>Start</th><th>Time (ms)</th></tr></thead><tbody><tr><th colspan="4">Suite</th></tr></tbody><tbody id="t0"><tr><th colspan="4">firefox &#8212; failed</th></tr><tr class="failedeven"><td rowspan="4">com.osa.tetes.HomePage</td><td><a href="#m0">clickOnForumLoginButton</a></td><td rowspan="1">1665841560923</td><td rowspan="1">6</td></tr><tr class="failedeven"><td><a href="#m1">closingBrowser</a></td><td rowspan="1">1665841560935</td><td rowspan="1">1</td></tr><tr class="failedeven"><td><a href="#m2">verifyHomePageTitle</a></td><td rowspan="1">1665841558690</td><td rowspan="1">2219</td></tr><tr class="failedeven"><td><a href="#m3">verifyLogin</a></td><td rowspan="1">1665841560932</td><td rowspan="1">1</td></tr></tbody>
<tbody id="t1"><tr><th colspan="4">chrome &#8212; failed</th></tr><tr class="failedeven"><td rowspan="3">com.osa.tetes.HomePage</td><td><a href="#m4">clickOnForumLoginButton</a></td><td rowspan="1">1665841561834</td><td rowspan="1">1</td></tr><tr class="failedeven"><td><a href="#m5">verifyHomePageTitle</a></td><td rowspan="1">1665841558690</td><td rowspan="1">3140</td></tr><tr class="failedeven"><td><a href="#m6">verifyLogin</a></td><td rowspan="1">1665841561836</td><td rowspan="1">1</td></tr></tbody>
</table>
<h2>firefox</h2><h3 id="m0">com.osa.tetes.HomePage#clickOnForumLoginButton</h3><table class="result"><tr><th>Exception</th></tr><tr><td><div class="stacktrace">java.lang.NullPointerException
	at com.osa.tetes.HomePage.clickOnForumLoginButton(HomePage.java:29)
	at java.util.concurrent.FutureTask.run(FutureTask.java:266)
	at java.util.concurrent.ThreadPoolExecutor.runWorker(ThreadPoolExecutor.java:1149)
	at java.util.concurrent.ThreadPoolExecutor$Worker.run(ThreadPoolExecutor.java:624)
	at java.lang.Thread.run(Thread.java:748)
... Removed 16 stack frames</div></td></tr></table><p class="totop"><a href="#summary">back to summary</a></p>
<h3 id="m1">com.osa.tetes.HomePage#closingBrowser</h3><table class="result"><tr><th>Exception</th></tr><tr><td><div class="stacktrace">java.lang.NullPointerException
	at com.osa.tetes.HomePage.closingBrowser(HomePage.java:40)
	at java.util.concurrent.FutureTask.run(FutureTask.java:266)
	at java.util.concurrent.ThreadPoolExecutor.runWorker(ThreadPoolExecutor.java:1149)
	at java.util.concurrent.ThreadPoolExecutor$Worker.run(ThreadPoolExecutor.java:624)
	at java.lang.Thread.run(Thread.java:748)
... Removed 16 stack frames</div></td></tr></table><p class="totop"><a href="#summary">back to summary</a></p>
<h3 id="m2">com.osa.tetes.HomePage#verifyHomePageTitle</h3><table class="result"><tr class="param"><th>Parameter #1</th></tr><tr class="param stripe"><td>firefox</td></tr><tr><th>Exception</th></tr><tr><td><div class="stacktrace">org.openqa.selenium.SessionNotCreatedException: session not created: No matching capabilities found
Build info: version: &apos;3.141.59&apos;, revision: &apos;e82be7d358&apos;, time: &apos;2018-11-14T08:17:03&apos;
System info: host: &apos;MAHFUZ&apos;, ip: &apos;192.168.1.61&apos;, os.name: &apos;Windows 10&apos;, os.arch: &apos;amd64&apos;, os.version: &apos;10.0&apos;, java.version: &apos;1.8.0_291&apos;
Driver info: driver.version: FirefoxDriver
remote stacktrace: Backtrace:
	Ordinal0 [0x00B77413+2389011]
	Ordinal0 [0x00B09F61+1941345]
	Ordinal0 [0x009FC658+837208]
	Ordinal0 [0x00A48119+1147161]
	Ordinal0 [0x00A4776C+1144684]
	Ordinal0 [0x00A48A95+1149589]
	Ordinal0 [0x00A488DA+1149146]
	Ordinal0 [0x00A43F66+1130342]
	Ordinal0 [0x00A1E546+976198]
	Ordinal0 [0x00A1F456+980054]
	GetHandleVerifier [0x00D29632+1727522]
	GetHandleVerifier [0x00DDBA4D+2457661]
	GetHandleVerifier [0x00C0EB81+569713]
	GetHandleVerifier [0x00C0DD76+566118]
	Ordinal0 [0x00B10B2B+1968939]
	Ordinal0 [0x00B15988+1989000]
	Ordinal0 [0x00B15A75+1989237]
	Ordinal0 [0x00B1ECB1+2026673]
	BaseThreadInitThunk [0x75D1FA29+25]
	RtlGetAppContainerNamedObjectPath [0x779D7B5E+286]
	RtlGetAppContainerNamedObjectPath [0x779D7B2E+238]

	at org.openqa.selenium.remote.W3CHandshakeResponse.lambda$errorHandler$0(W3CHandshakeResponse.java:62)
	at org.openqa.selenium.remote.HandshakeResponse.lambda$getResponseFunction$0(HandshakeResponse.java:30)
	at org.openqa.selenium.remote.ProtocolHandshake.lambda$createSession$0(ProtocolHandshake.java:126)
	at java.util.stream.ReferencePipeline$3$1.accept(ReferencePipeline.java:193)
	at java.util.Spliterators$ArraySpliterator.tryAdvance(Spliterators.java:958)
	at java.util.stream.ReferencePipeline.forEachWithCancel(ReferencePipeline.java:126)
	at java.util.stream.AbstractPipeline.copyIntoWithCancel(AbstractPipeline.java:499)
	at java.util.stream.AbstractPipeline.copyInto(AbstractPipeline.java:486)
	at java.util.stream.AbstractPipeline.wrapAndCopyInto(AbstractPipeline.java:472)
	at java.util.stream.FindOps$FindOp.evaluateSequential(FindOps.java:152)
	at java.util.stream.AbstractPipeline.evaluate(AbstractPipeline.java:234)
	at java.util.stream.ReferencePipeline.findFirst(ReferencePipeline.java:464)
	at org.openqa.selenium.remote.ProtocolHandshake.createSession(ProtocolHandshake.java:128)
	at org.openqa.selenium.remote.ProtocolHandshake.createSession(ProtocolHandshake.java:74)
	at org.openqa.selenium.remote.HttpCommandExecutor.execute(HttpCommandExecutor.java:136)
	at org.openqa.selenium.remote.service.DriverCommandExecutor.execute(DriverCommandExecutor.java:83)
	at org.openqa.selenium.remote.RemoteWebDriver.execute(RemoteWebDriver.java:552)
	at org.openqa.selenium.remote.RemoteWebDriver.startSession(RemoteWebDriver.java:213)
	at org.openqa.selenium.remote.RemoteWebDriver.&lt;init&gt;(RemoteWebDriver.java:131)
	at org.openqa.selenium.firefox.FirefoxDriver.&lt;init&gt;(FirefoxDriver.java:147)
	at org.openqa.selenium.firefox.FirefoxDriver.&lt;init&gt;(FirefoxDriver.java:125)
	at com.osa.base.Browser.getBrowserForWindows(Browser.java:32)
	at com.osa.base.Browser.openBrowser(Browser.java:23)
	at com.osa.tetes.HomePage.verifyHomePageTitle(HomePage.java:20)
	at java.util.concurrent.FutureTask.run(FutureTask.java:266)
	at java.util.concurrent.ThreadPoolExecutor.runWorker(ThreadPoolExecutor.java:1149)
	at java.util.concurrent.ThreadPoolExecutor$Worker.run(ThreadPoolExecutor.java:624)
	at java.lang.Thread.run(Thread.java:748)
... Removed 20 stack frames</div></td></tr></table><p class="totop"><a href="#summary">back to summary</a></p>
<h3 id="m3">com.osa.tetes.HomePage#verifyLogin</h3><table class="result"><tr><th>Exception</th></tr><tr><td><div class="stacktrace">java.lang.NullPointerException
	at com.osa.tetes.HomePage.verifyLogin(HomePage.java:33)
	at java.util.concurrent.FutureTask.run(FutureTask.java:266)
	at java.util.concurrent.ThreadPoolExecutor.runWorker(ThreadPoolExecutor.java:1149)
	at java.util.concurrent.ThreadPoolExecutor$Worker.run(ThreadPoolExecutor.java:624)
	at java.lang.Thread.run(Thread.java:748)
... Removed 16 stack frames</div></td></tr></table><p class="totop"><a href="#summary">back to summary</a></p>
<h2>chrome</h2><h3 id="m4">com.osa.tetes.HomePage#clickOnForumLoginButton</h3><table class="result"><tr><th>Exception</th></tr><tr><td><div class="stacktrace">java.lang.NullPointerException
	at com.osa.tetes.HomePage.clickOnForumLoginButton(HomePage.java:29)
	at java.util.concurrent.FutureTask.run(FutureTask.java:266)
	at java.util.concurrent.ThreadPoolExecutor.runWorker(ThreadPoolExecutor.java:1149)
	at java.util.concurrent.ThreadPoolExecutor$Worker.run(ThreadPoolExecutor.java:624)
	at java.lang.Thread.run(Thread.java:748)
... Removed 16 stack frames</div></td></tr></table><p class="totop"><a href="#summary">back to summary</a></p>
<h3 id="m5">com.osa.tetes.HomePage#verifyHomePageTitle</h3><table class="result"><tr class="param"><th>Parameter #1</th></tr><tr class="param stripe"><td>chrome</td></tr><tr><th>Exception</th></tr><tr><td><div class="stacktrace">org.openqa.selenium.SessionNotCreatedException: session not created: This version of ChromeDriver only supports Chrome version 86
Current browser version is 106.0.5249.119 with binary path C:\Program Files (x86)\Google\Chrome\Application\chrome.exe
Build info: version: &apos;3.141.59&apos;, revision: &apos;e82be7d358&apos;, time: &apos;2018-11-14T08:17:03&apos;
System info: host: &apos;MAHFUZ&apos;, ip: &apos;192.168.1.61&apos;, os.name: &apos;Windows 10&apos;, os.arch: &apos;amd64&apos;, os.version: &apos;10.0&apos;, java.version: &apos;1.8.0_291&apos;
Driver info: driver.version: ChromeDriver
remote stacktrace: Backtrace:
	Ordinal0 [0x00ECC013+3194899]
	Ordinal0 [0x00DB6021+2056225]
	Ordinal0 [0x00C4F608+587272]
	Ordinal0 [0x00BD1BF3+72691]
	Ordinal0 [0x00BCE229+57897]
	Ordinal0 [0x00BCC64A+50762]
	Ordinal0 [0x00BF1EE9+204521]
	Ordinal0 [0x00BF1D0D+204045]
	Ordinal0 [0x00BEFC1B+195611]
	Ordinal0 [0x00BD3B7F+80767]
	Ordinal0 [0x00BD4B4E+84814]
	Ordinal0 [0x00BD4AD9+84697]
	Ordinal0 [0x00DCCE64+2149988]
	GetHandleVerifier [0x0103BE95+1400773]
	GetHandleVerifier [0x0103BB61+1399953]
	GetHandleVerifier [0x010431FA+1430314]
	GetHandleVerifier [0x0103C69F+1402831]
	Ordinal0 [0x00DC3D61+2112865]
	Ordinal0 [0x00DCE5CB+2155979]
	Ordinal0 [0x00DCE6F5+2156277]
	Ordinal0 [0x00DDF26E+2224750]
	BaseThreadInitThunk [0x75D1FA29+25]
	RtlGetAppContainerNamedObjectPath [0x779D7B5E+286]
	RtlGetAppContainerNamedObjectPath [0x779D7B2E+238]

	at org.openqa.selenium.remote.W3CHandshakeResponse.lambda$errorHandler$0(W3CHandshakeResponse.java:62)
	at org.openqa.selenium.remote.HandshakeResponse.lambda$getResponseFunction$0(HandshakeResponse.java:30)
	at org.openqa.selenium.remote.ProtocolHandshake.lambda$createSession$0(ProtocolHandshake.java:126)
	at java.util.stream.ReferencePipeline$3$1.accept(ReferencePipeline.java:193)
	at java.util.Spliterators$ArraySpliterator.tryAdvance(Spliterators.java:958)
	at java.util.stream.ReferencePipeline.forEachWithCancel(ReferencePipeline.java:126)
	at java.util.stream.AbstractPipeline.copyIntoWithCancel(AbstractPipeline.java:499)
	at java.util.stream.AbstractPipeline.copyInto(AbstractPipeline.java:486)
	at java.util.stream.AbstractPipeline.wrapAndCopyInto(AbstractPipeline.java:472)
	at java.util.stream.FindOps$FindOp.evaluateSequential(FindOps.java:152)
	at java.util.stream.AbstractPipeline.evaluate(AbstractPipeline.java:234)
	at java.util.stream.ReferencePipeline.findFirst(ReferencePipeline.java:464)
	at org.openqa.selenium.remote.ProtocolHandshake.createSession(ProtocolHandshake.java:128)
	at org.openqa.selenium.remote.ProtocolHandshake.createSession(ProtocolHandshake.java:74)
	at org.openqa.selenium.remote.HttpCommandExecutor.execute(HttpCommandExecutor.java:136)
	at org.openqa.selenium.remote.service.DriverCommandExecutor.execute(DriverCommandExecutor.java:83)
	at org.openqa.selenium.remote.RemoteWebDriver.execute(RemoteWebDriver.java:552)
	at org.openqa.selenium.remote.RemoteWebDriver.startSession(RemoteWebDriver.java:213)
	at org.openqa.selenium.remote.RemoteWebDriver.&lt;init&gt;(RemoteWebDriver.java:131)
	at org.openqa.selenium.chrome.ChromeDriver.&lt;init&gt;(ChromeDriver.java:181)
	at org.openqa.selenium.chrome.ChromeDriver.&lt;init&gt;(ChromeDriver.java:168)
	at org.openqa.selenium.chrome.ChromeDriver.&lt;init&gt;(ChromeDriver.java:123)
	at com.osa.base.Browser.getBrowserForWindows(Browser.java:35)
	at com.osa.base.Browser.openBrowser(Browser.java:23)
	at com.osa.tetes.HomePage.verifyHomePageTitle(HomePage.java:20)
	at java.util.concurrent.FutureTask.run(FutureTask.java:266)
	at java.util.concurrent.ThreadPoolExecutor.runWorker(ThreadPoolExecutor.java:1149)
	at java.util.concurrent.ThreadPoolExecutor$Worker.run(ThreadPoolExecutor.java:624)
	at java.lang.Thread.run(Thread.java:748)
... Removed 20 stack frames</div></td></tr></table><p class="totop"><a href="#summary">back to summary</a></p>
<h3 id="m6">com.osa.tetes.HomePage#verifyLogin</h3><table class="result"><tr><th>Exception</th></tr><tr><td><div class="stacktrace">java.lang.NullPointerException
	at com.osa.tetes.HomePage.verifyLogin(HomePage.java:33)
	at java.util.concurrent.FutureTask.run(FutureTask.java:266)
	at java.util.concurrent.ThreadPoolExecutor.runWorker(ThreadPoolExecutor.java:1149)
	at java.util.concurrent.ThreadPoolExecutor$Worker.run(ThreadPoolExecutor.java:624)
	at java.lang.Thread.run(Thread.java:748)
... Removed 16 stack frames</div></td></tr></table><p class="totop"><a href="#summary">back to summary</a></p>
</body>
</html>
